\BOOKMARK [0][-]{chapter*.2}{\376\377\004\040\004\025\004\044\004\025\004\040\004\020\004\042}{}% 1
\BOOKMARK [0][-]{chapter*.4}{\376\377\004\022\004\022\004\025\004\024\004\025\004\035\004\030\004\025}{}% 2
\BOOKMARK [0][-]{chapter.1}{\376\377\004\020\004\075\004\060\004\073\004\070\004\102\004\070\004\107\004\065\004\101\004\072\004\070\004\071\000\040\004\100\004\060\004\067\004\064\004\065\004\073}{}% 3
\BOOKMARK [1][-]{section.1.1}{\376\377\004\020\004\075\004\060\004\073\004\070\004\067\000\040\004\077\004\100\004\065\004\064\004\074\004\065\004\102\004\075\004\076\004\071\000\040\004\076\004\061\004\073\004\060\004\101\004\102\004\070}{chapter.1}% 4
\BOOKMARK [1][-]{section.1.2}{\376\377\004\020\004\073\004\063\004\076\004\100\004\070\004\102\004\074\004\113\000\040\004\077\004\100\004\076\004\064\004\062\004\070\004\066\004\065\004\075\004\070\004\117\000\040\004\074\004\076\004\064\004\065\004\073\004\114\004\075\004\076\004\063\004\076\000\040\004\062\004\100\004\065\004\074\004\065\004\075\004\070}{chapter.1}% 5
\BOOKMARK [2][-]{subsection.1.2.1}{\376\377\004\037\004\076\004\110\004\060\004\063\004\076\004\062\004\113\004\071\000\040\004\060\004\073\004\063\004\076\004\100\004\070\004\102\004\074}{section.1.2}% 6
\BOOKMARK [2][-]{subsection.1.2.2}{\376\377\004\041\004\076\004\061\004\113\004\102\004\070\004\071\004\075\004\113\004\071\000\040\004\060\004\073\004\063\004\076\004\100\004\070\004\102\004\074}{section.1.2}% 7
\BOOKMARK [1][-]{section.1.3}{\376\377\004\036\004\106\004\065\004\075\004\072\004\060\000\040\004\101\004\073\004\076\004\066\004\075\004\076\004\101\004\102\004\070\000\040\004\060\004\073\004\063\004\076\004\100\004\070\004\102\004\074\004\076\004\062}{chapter.1}% 8
\BOOKMARK [2][-]{subsection.1.3.1}{\376\377\004\037\004\076\004\110\004\060\004\063\004\076\004\062\004\113\004\071\000\040\004\060\004\073\004\063\004\076\004\100\004\070\004\102\004\074}{section.1.3}% 9
\BOOKMARK [2][-]{subsection.1.3.2}{\376\377\004\041\004\076\004\061\004\113\004\102\004\070\004\071\004\075\004\113\004\071\000\040\004\060\004\073\004\063\004\076\004\100\004\070\004\102\004\074}{section.1.3}% 10
\BOOKMARK [2][-]{subsection.1.3.3}{\376\377\004\022\004\113\004\062\004\076\004\064\004\113}{section.1.3}% 11
\BOOKMARK [1][-]{section.1.4}{\376\377\004\037\004\076\004\101\004\102\004\060\004\075\004\076\004\062\004\072\004\060\000\040\004\067\004\060\004\064\004\060\004\107\004\070}{chapter.1}% 12
\BOOKMARK [1][-]{section.1.5}{\376\377\004\022\004\113\004\062\004\076\004\064\004\113}{chapter.1}% 13
\BOOKMARK [0][-]{chapter.2}{\376\377\004\032\004\076\004\075\004\101\004\102\004\100\004\103\004\072\004\102\004\076\004\100\004\101\004\072\004\070\004\071\000\040\004\100\004\060\004\067\004\064\004\065\004\073}{}% 14
\BOOKMARK [1][-]{section.2.1}{\376\377\004\032\004\076\004\074\004\061\004\070\004\075\004\070\004\100\004\076\004\062\004\060\004\075\004\075\004\113\004\071\000\040\004\060\004\073\004\063\004\076\004\100\004\070\004\102\004\074}{chapter.2}% 15
\BOOKMARK [1][-]{section.2.2}{\376\377\004\047\004\060\004\101\004\076\004\062\004\060\004\117\000\040\004\101\004\102\004\100\004\103\004\072\004\102\004\103\004\100\004\060\000\040\004\064\004\060\004\075\004\075\004\113\004\105}{chapter.2}% 16
\BOOKMARK [1][-]{section.2.3}{\376\377\004\036\004\077\004\070\004\101\004\060\004\075\004\070\004\065\000\040\004\060\004\073\004\063\004\076\004\100\004\070\004\102\004\074\004\060}{chapter.2}% 17
\BOOKMARK [1][-]{section.2.4}{\376\377\004\037\004\076\004\110\004\060\004\063\004\076\004\062\004\113\004\071\000\040\004\060\004\073\004\063\004\076\004\100\004\070\004\102\004\074}{chapter.2}% 18
\BOOKMARK [1][-]{section.2.5}{\376\377\004\041\004\076\004\061\004\113\004\102\004\070\004\071\004\075\004\113\004\071\000\040\004\060\004\073\004\063\004\076\004\100\004\070\004\102\004\074}{chapter.2}% 19
\BOOKMARK [1][-]{section.2.6}{\376\377\004\034\004\076\004\064\004\065\004\073\004\070\004\100\004\103\004\065\004\074\004\060\004\117\000\040\004\041\004\034\004\036}{chapter.2}% 20
\BOOKMARK [1][-]{section.2.7}{\376\377\004\022\004\113\004\062\004\076\004\064\004\113}{chapter.2}% 21
\BOOKMARK [0][-]{chapter.3}{\376\377\004\042\004\065\004\105\004\075\004\076\004\073\004\076\004\063\004\070\004\107\004\065\004\101\004\072\004\070\004\071\000\040\004\100\004\060\004\067\004\064\004\065\004\073}{}% 22
\BOOKMARK [1][-]{section.3.1}{\376\377\004\022\004\113\004\061\004\076\004\100\000\040\004\101\004\100\004\065\004\064\004\101\004\102\004\062\000\040\004\077\004\100\004\076\004\063\004\100\004\060\004\074\004\074\004\075\004\076\004\071\000\040\004\100\004\065\004\060\004\073\004\070\004\067\004\060\004\106\004\070\004\070}{chapter.3}% 23
\BOOKMARK [1][-]{section.3.2}{\376\377\004\040\004\060\004\067\004\100\004\060\004\061\004\076\004\102\004\072\004\060\000\040\004\077\004\100\004\076\004\063\004\100\004\060\004\074\004\074\004\075\004\076\004\063\004\076\000\040\004\076\004\061\004\065\004\101\004\077\004\065\004\107\004\065\004\075\004\070\004\117}{chapter.3}% 24
\BOOKMARK [2][-]{subsection.3.2.1}{\376\377\004\037\004\100\004\070\004\074\004\065\004\100\000\040\004\070\004\101\004\077\004\076\004\073\004\114\004\067\004\076\004\062\004\060\004\075\004\070\004\117\000\040\004\100\004\060\004\067\004\100\004\060\004\061\004\076\004\102\004\060\004\075\004\075\004\076\004\063\004\076\000\040\004\037\004\036}{section.3.2}% 25
\BOOKMARK [2][-]{subsection.3.2.2}{\376\377\004\034\004\076\004\064\004\065\004\073\004\070\004\100\004\076\004\062\004\060\004\075\004\070\004\065\000\040\004\034\004\044\004\046}{section.3.2}% 26
\BOOKMARK [2][-]{subsection.3.2.3}{\376\377\004\022\004\113\004\062\004\076\004\064\004\113}{section.3.2}% 27
\BOOKMARK [0][-]{chapter.4}{\376\377\004\030\004\101\004\101\004\073\004\065\004\064\004\076\004\062\004\060\004\102\004\065\004\073\004\114\004\101\004\072\004\070\004\071\000\040\004\100\004\060\004\067\004\064\004\065\004\073}{}% 28
\BOOKMARK [1][-]{section.4.1}{\376\377\004\041\004\100\004\060\004\062\004\075\004\065\004\075\004\070\004\065\000\040\004\060\004\073\004\063\004\076\004\100\004\070\004\102\004\074\004\076\004\062}{chapter.4}% 29
\BOOKMARK [1][-]{section.4.2}{\376\377\004\034\004\076\004\064\004\065\004\073\004\070\004\100\004\076\004\062\004\060\004\075\004\070\004\065\000\040\004\034\004\044\004\046}{chapter.4}% 30
\BOOKMARK [1][-]{section.4.3}{\376\377\004\022\004\113\004\062\004\076\004\064\004\113}{chapter.4}% 31
\BOOKMARK [0][-]{chapter*.24}{\376\377\004\027\004\020\004\032\004\033\004\056\004\047\004\025\004\035\004\030\004\025}{}% 32
\BOOKMARK [0][-]{chapter*.25}{\376\377\004\041\004\037\004\030\004\041\004\036\004\032\000\040\004\030\004\041\004\037\004\036\004\033\004\054\004\027\004\036\004\022\004\020\004\035\004\035\004\053\004\045\000\040\004\030\004\041\004\042\004\036\004\047\004\035\004\030\004\032\004\036\004\022}{}% 33
\BOOKMARK [0][-]{appendix.1.A}{\376\377\004\037\004\040\004\030\004\033\004\036\004\026\004\025\004\035\004\030\004\025\000\040}{}% 34
\BOOKMARK [0][-]{appendix.1.B}{\376\377\004\037\004\040\004\030\004\033\004\036\004\026\004\025\004\035\004\030\004\025\000\040}{}% 35
